<?xml version="1.0" encoding="UTF-8"?>
<testng-results ignored="0" total="1" passed="1" failed="0" skipped="0">
  <reporter-output>
  </reporter-output>
  <suite started-at="2019-12-22T18:33:15Z" name="Suite" finished-at="2019-12-22T18:33:15Z" duration-ms="15">
    <groups>
    </groups>
    <test started-at="2019-12-22T18:33:15Z" name="Test" finished-at="2019-12-22T18:33:15Z" duration-ms="15">
      <class name="edurekaAssingment.edureka">
        <test-method is-config="true" signature="beforeSuite()[pri:0, instance:edurekaAssingment.edureka@4d465b11]" started-at="2019-12-22T18:33:15Z" name="beforeSuite" finished-at="2019-12-22T18:33:15Z" duration-ms="6" status="PASS">
          <reporter-output>
          </reporter-output>
        </test-method> <!-- beforeSuite -->
        <test-method signature="f()[pri:0, instance:edurekaAssingment.edureka@4d465b11]" started-at="2019-12-22T18:33:15Z" name="f" finished-at="2019-12-22T18:33:15Z" duration-ms="3" status="PASS">
          <reporter-output>
          </reporter-output>
        </test-method> <!-- f -->
        <test-method is-config="true" signature="afterSuite()[pri:0, instance:edurekaAssingment.edureka@4d465b11]" started-at="2019-12-22T18:33:15Z" name="afterSuite" finished-at="2019-12-22T18:33:15Z" duration-ms="0" status="PASS">
          <reporter-output>
          </reporter-output>
        </test-method> <!-- afterSuite -->
      </class> <!-- edurekaAssingment.edureka -->
    </test> <!-- Test -->
  </suite> <!-- Suite -->
</testng-results>
